<?xml version="1.0" encoding="UTF-8"?>
<!-- Generated by org.testng.reporters.JUnitReportReporter -->
<testsuite hostname="NO-002-QA" failures="0" tests="1" name="com.younited.qa.testcases.CommunityPageAdminTest" time="108.930" errors="0" timestamp="2024-07-23T18:46:38 IST" skipped="0">
  <testcase classname="com.younited.qa.testcases.CommunityPageAdminTest" name="community" time="108.930"/>
  <system-out/>
</testsuite> <!-- com.younited.qa.testcases.CommunityPageAdminTest -->
