<?xml version="1.0" encoding="UTF-8"?>
<!-- Generated by org.testng.reporters.JUnitReportReporter -->
<testsuite hostname="NO-002-QA" failures="0" tests="1" name="com.younited.qa.testcases.AddCommandPageTest" time="75.130" errors="0" timestamp="2024-07-23T20:10:08 IST" skipped="0">
  <testcase classname="com.younited.qa.testcases.AddCommandPageTest" name="uploadFileTest" time="75.130"/>
  <system-out/>
</testsuite> <!-- com.younited.qa.testcases.AddCommandPageTest -->
