<?xml version="1.0" encoding="UTF-8"?>
<!-- Generated by org.testng.reporters.JUnitReportReporter -->
<testsuite hostname="NO-002-QA" failures="0" tests="1" name="com.younited.qa.testcases.HomePageAdminTest" time="37.232" errors="0" timestamp="2023-10-03T16:01:47 IST" skipped="0">
  <testcase classname="com.younited.qa.testcases.HomePageAdminTest" name="test" time="37.232"/>
  <system-out/>
</testsuite> <!-- com.younited.qa.testcases.HomePageAdminTest -->
