<?xml version="1.0" encoding="UTF-8"?>
<!-- Generated by org.testng.reporters.JUnitReportReporter -->
<testsuite hostname="NO-002-QA" failures="0" tests="3" name="com.younited.qa.testcases.HomePageTest" time="93.091" errors="0" timestamp="2023-10-03T16:04:45 IST" skipped="0">
  <testcase classname="com.younited.qa.testcases.HomePageTest" name="homePageTitleTest" time="32.947"/>
  <system-out/>
  <testcase classname="com.younited.qa.testcases.HomePageTest" name="verifyImageLogoTest" time="32.196"/>
  <system-out/>
  <testcase classname="com.younited.qa.testcases.HomePageTest" name="clickMyAssignmentsLinkTest" time="27.948"/>
  <system-out/>
</testsuite> <!-- com.younited.qa.testcases.HomePageTest -->
