<?xml version="1.0" encoding="UTF-8"?>
<!-- Generated by org.testng.reporters.JUnitReportReporter -->
<testsuite hostname="NO-002-QA" failures="0" tests="1" name="com.younited.qa.testcases.CommunityPageFreeTest" time="127.718" errors="0" timestamp="2024-07-23T18:49:39 IST" skipped="0">
  <testcase classname="com.younited.qa.testcases.CommunityPageFreeTest" name="communityPageFreeTest" time="127.718"/>
  <system-out/>
</testsuite> <!-- com.younited.qa.testcases.CommunityPageFreeTest -->
