<?xml version="1.0" encoding="UTF-8"?>
<!-- Generated by org.testng.reporters.JUnitReportReporter -->
<testsuite hostname="NO-002-QA" failures="0" tests="1" name="com.younited.qa.testcases.UlogoMydashboardPageTest" time="64.799" errors="0" timestamp="2024-08-21T19:08:19 IST" skipped="0">
  <testcase classname="com.younited.qa.testcases.UlogoMydashboardPageTest" name="myDashboard" time="64.799"/>
  <system-out/>
</testsuite> <!-- com.younited.qa.testcases.UlogoMydashboardPageTest -->
